<?xml version="1.0" encoding="UTF-8"?>
<coverage generated="1691839190846" clover="3.2.0">
  <project timestamp="1691839190846" name="All files">
    <metrics statements="162" coveredstatements="162" conditionals="39" coveredconditionals="37" methods="57" coveredmethods="57" elements="258" coveredelements="256" complexity="0" loc="162" ncloc="162" packages="7" files="13" classes="13"/>
    <package name="01_detect_triangle">
      <metrics statements="7" coveredstatements="7" conditionals="9" coveredconditionals="9" methods="1" coveredmethods="1"/>
      <file name="detectTriangle.js" path="C:\Users\Masbrou\Documents\DicodingBackENd\Expert2023\jest-start\src\01_detect_triangle\detectTriangle.js">
        <metrics statements="7" coveredstatements="7" conditionals="9" coveredconditionals="9" methods="1" coveredmethods="1"/>
        <line num="1" count="1" type="stmt"/>
        <line num="2" count="9" type="cond" truecount="4" falsecount="0"/>
        <line num="3" count="3" type="stmt"/>
        <line num="6" count="6" type="cond" truecount="5" falsecount="0"/>
        <line num="7" count="3" type="stmt"/>
        <line num="10" count="3" type="stmt"/>
        <line num="13" count="1" type="stmt"/>
      </file>
    </package>
    <package name="02_math_basic">
      <metrics statements="16" coveredstatements="16" conditionals="6" coveredconditionals="6" methods="5" coveredmethods="5"/>
      <file name="MathBasic.js" path="C:\Users\Masbrou\Documents\DicodingBackENd\Expert2023\jest-start\src\02_math_basic\MathBasic.js">
        <metrics statements="16" coveredstatements="16" conditionals="6" coveredconditionals="6" methods="5" coveredmethods="5"/>
        <line num="1" count="1" type="stmt"/>
        <line num="3" count="37" type="cond" truecount="2" falsecount="0"/>
        <line num="4" count="13" type="stmt"/>
        <line num="7" count="24" type="stmt"/>
        <line num="9" count="24" type="cond" truecount="4" falsecount="0"/>
        <line num="10" count="12" type="stmt"/>
        <line num="12" count="12" type="stmt"/>
        <line num="15" count="10" type="stmt"/>
        <line num="16" count="3" type="stmt"/>
        <line num="19" count="9" type="stmt"/>
        <line num="20" count="3" type="stmt"/>
        <line num="23" count="9" type="stmt"/>
        <line num="24" count="3" type="stmt"/>
        <line num="27" count="9" type="stmt"/>
        <line num="28" count="3" type="stmt"/>
        <line num="32" count="1" type="stmt"/>
      </file>
    </package>
    <package name="03_integration_test">
      <metrics statements="10" coveredstatements="10" conditionals="1" coveredconditionals="0" methods="5" coveredmethods="5"/>
      <file name="Rocket.js" path="C:\Users\Masbrou\Documents\DicodingBackENd\Expert2023\jest-start\src\03_integration_test\Rocket.js">
        <metrics statements="3" coveredstatements="3" conditionals="0" coveredconditionals="0" methods="1" coveredmethods="1"/>
        <line num="3" count="4" type="stmt"/>
        <line num="4" count="4" type="stmt"/>
        <line num="8" count="1" type="stmt"/>
      </file>
      <file name="RocketLauncher.js" path="C:\Users\Masbrou\Documents\DicodingBackENd\Expert2023\jest-start\src\03_integration_test\RocketLauncher.js">
        <metrics statements="7" coveredstatements="7" conditionals="1" coveredconditionals="0" methods="4" coveredmethods="4"/>
        <line num="3" count="2" type="stmt"/>
        <line num="7" count="1" type="stmt"/>
        <line num="8" count="2" type="stmt"/>
        <line num="11" count="1" type="stmt"/>
        <line num="15" count="1" type="stmt"/>
        <line num="16" count="1" type="stmt"/>
        <line num="20" count="1" type="stmt"/>
      </file>
    </package>
    <package name="04_test_double">
      <metrics statements="26" coveredstatements="26" conditionals="3" coveredconditionals="2" methods="10" coveredmethods="10"/>
      <file name="Rocket.js" path="C:\Users\Masbrou\Documents\DicodingBackENd\Expert2023\jest-start\src\04_test_double\Rocket.js">
        <metrics statements="3" coveredstatements="3" conditionals="0" coveredconditionals="0" methods="1" coveredmethods="1"/>
        <line num="3" count="8" type="stmt"/>
        <line num="4" count="8" type="stmt"/>
        <line num="8" count="1" type="stmt"/>
      </file>
      <file name="RocketLauncher.js" path="C:\Users\Masbrou\Documents\DicodingBackENd\Expert2023\jest-start\src\04_test_double\RocketLauncher.js">
        <metrics statements="16" coveredstatements="16" conditionals="3" coveredconditionals="2" methods="5" coveredmethods="5"/>
        <line num="3" count="5" type="stmt"/>
        <line num="4" count="5" type="stmt"/>
        <line num="8" count="1" type="stmt"/>
        <line num="9" count="2" type="stmt"/>
        <line num="12" count="1" type="stmt"/>
        <line num="16" count="1" type="stmt"/>
        <line num="17" count="1" type="stmt"/>
        <line num="21" count="3" type="stmt"/>
        <line num="23" count="3" type="stmt"/>
        <line num="24" count="5" type="stmt"/>
        <line num="25" count="5" type="stmt"/>
        <line num="27" count="2" type="stmt"/>
        <line num="31" count="3" type="cond" truecount="2" falsecount="0"/>
        <line num="32" count="1" type="stmt"/>
        <line num="35" count="2" type="stmt"/>
        <line num="39" count="1" type="stmt"/>
      </file>
      <file name="RocketRepairKit.js" path="C:\Users\Masbrou\Documents\DicodingBackENd\Expert2023\jest-start\src\04_test_double\RocketRepairKit.js">
        <metrics statements="7" coveredstatements="7" conditionals="0" coveredconditionals="0" methods="4" coveredmethods="4"/>
        <line num="7" count="1" type="stmt"/>
        <line num="8" count="1" type="stmt"/>
        <line num="9" count="1" type="stmt"/>
        <line num="17" count="2" type="stmt"/>
        <line num="18" count="2" type="stmt"/>
        <line num="19" count="2" type="stmt"/>
        <line num="25" count="1" type="stmt"/>
      </file>
    </package>
    <package name="05_automation_test">
      <metrics statements="32" coveredstatements="32" conditionals="10" coveredconditionals="10" methods="12" coveredmethods="12"/>
      <file name="FigureCalculator.js" path="C:\Users\Masbrou\Documents\DicodingBackENd\Expert2023\jest-start\src\05_automation_test\FigureCalculator.js">
        <metrics statements="16" coveredstatements="16" conditionals="4" coveredconditionals="4" methods="7" coveredmethods="7"/>
        <line num="3" count="13" type="stmt"/>
        <line num="7" count="29" type="cond" truecount="2" falsecount="0"/>
        <line num="8" count="13" type="stmt"/>
        <line num="11" count="16" type="stmt"/>
        <line num="12" count="22" type="cond" truecount="2" falsecount="0"/>
        <line num="13" count="12" type="stmt"/>
        <line num="17" count="4" type="stmt"/>
        <line num="21" count="7" type="stmt"/>
        <line num="24" count="1" type="stmt"/>
        <line num="28" count="7" type="stmt"/>
        <line num="31" count="1" type="stmt"/>
        <line num="35" count="8" type="stmt"/>
        <line num="38" count="1" type="stmt"/>
        <line num="42" count="7" type="stmt"/>
        <line num="45" count="1" type="stmt"/>
        <line num="49" count="1" type="stmt"/>
      </file>
      <file name="MathBasic.js" path="C:\Users\Masbrou\Documents\DicodingBackENd\Expert2023\jest-start\src\05_automation_test\MathBasic.js">
        <metrics statements="16" coveredstatements="16" conditionals="6" coveredconditionals="6" methods="5" coveredmethods="5"/>
        <line num="1" count="2" type="stmt"/>
        <line num="3" count="44" type="cond" truecount="2" falsecount="0"/>
        <line num="4" count="13" type="stmt"/>
        <line num="7" count="31" type="stmt"/>
        <line num="9" count="31" type="cond" truecount="4" falsecount="0"/>
        <line num="10" count="12" type="stmt"/>
        <line num="12" count="19" type="stmt"/>
        <line num="15" count="13" type="stmt"/>
        <line num="16" count="6" type="stmt"/>
        <line num="19" count="9" type="stmt"/>
        <line num="20" count="3" type="stmt"/>
        <line num="23" count="12" type="stmt"/>
        <line num="24" count="6" type="stmt"/>
        <line num="27" count="10" type="stmt"/>
        <line num="28" count="4" type="stmt"/>
        <line num="32" count="2" type="stmt"/>
      </file>
    </package>
    <package name="06_end2end_hapi">
      <metrics statements="9" coveredstatements="9" conditionals="0" coveredconditionals="0" methods="3" coveredmethods="3"/>
      <file name="createServer.js" path="C:\Users\Masbrou\Documents\DicodingBackENd\Expert2023\jest-start\src\06_end2end_hapi\createServer.js">
        <metrics statements="9" coveredstatements="9" conditionals="0" coveredconditionals="0" methods="3" coveredmethods="3"/>
        <line num="1" count="1" type="stmt"/>
        <line num="3" count="1" type="stmt"/>
        <line num="4" count="2" type="stmt"/>
        <line num="9" count="2" type="stmt"/>
        <line num="14" count="1" type="stmt"/>
        <line num="21" count="1" type="stmt"/>
        <line num="22" count="1" type="stmt"/>
        <line num="27" count="2" type="stmt"/>
        <line num="30" count="1" type="stmt"/>
      </file>
    </package>
    <package name="07_automation_hapi">
      <metrics statements="62" coveredstatements="62" conditionals="10" coveredconditionals="10" methods="21" coveredmethods="21"/>
      <file name="FigureCalculator.js" path="C:\Users\Masbrou\Documents\DicodingBackENd\Expert2023\jest-start\src\07_automation_hapi\FigureCalculator.js">
        <metrics statements="16" coveredstatements="16" conditionals="4" coveredconditionals="4" methods="7" coveredmethods="7"/>
        <line num="3" count="17" type="stmt"/>
        <line num="7" count="33" type="cond" truecount="2" falsecount="0"/>
        <line num="8" count="13" type="stmt"/>
        <line num="11" count="20" type="stmt"/>
        <line num="12" count="31" type="cond" truecount="2" falsecount="0"/>
        <line num="13" count="12" type="stmt"/>
        <line num="17" count="8" type="stmt"/>
        <line num="21" count="8" type="stmt"/>
        <line num="24" count="2" type="stmt"/>
        <line num="28" count="8" type="stmt"/>
        <line num="31" count="2" type="stmt"/>
        <line num="35" count="9" type="stmt"/>
        <line num="38" count="2" type="stmt"/>
        <line num="42" count="8" type="stmt"/>
        <line num="45" count="2" type="stmt"/>
        <line num="49" count="2" type="stmt"/>
      </file>
      <file name="MathBasic.js" path="C:\Users\Masbrou\Documents\DicodingBackENd\Expert2023\jest-start\src\07_automation_hapi\MathBasic.js">
        <metrics statements="16" coveredstatements="16" conditionals="6" coveredconditionals="6" methods="5" coveredmethods="5"/>
        <line num="1" count="3" type="stmt"/>
        <line num="3" count="55" type="cond" truecount="2" falsecount="0"/>
        <line num="4" count="13" type="stmt"/>
        <line num="7" count="42" type="stmt"/>
        <line num="9" count="42" type="cond" truecount="4" falsecount="0"/>
        <line num="10" count="12" type="stmt"/>
        <line num="12" count="30" type="stmt"/>
        <line num="15" count="17" type="stmt"/>
        <line num="16" count="10" type="stmt"/>
        <line num="19" count="10" type="stmt"/>
        <line num="20" count="4" type="stmt"/>
        <line num="23" count="16" type="stmt"/>
        <line num="24" count="10" type="stmt"/>
        <line num="27" count="12" type="stmt"/>
        <line num="28" count="6" type="stmt"/>
        <line num="32" count="3" type="stmt"/>
      </file>
      <file name="createServer.js" path="C:\Users\Masbrou\Documents\DicodingBackENd\Expert2023\jest-start\src\07_automation_hapi\createServer.js">
        <metrics statements="30" coveredstatements="30" conditionals="0" coveredconditionals="0" methods="9" coveredmethods="9"/>
        <line num="1" count="1" type="stmt"/>
        <line num="3" count="1" type="stmt"/>
        <line num="4" count="8" type="stmt"/>
        <line num="9" count="8" type="stmt"/>
        <line num="14" count="1" type="stmt"/>
        <line num="15" count="1" type="stmt"/>
        <line num="16" count="1" type="stmt"/>
        <line num="23" count="1" type="stmt"/>
        <line num="24" count="1" type="stmt"/>
        <line num="25" count="1" type="stmt"/>
        <line num="32" count="1" type="stmt"/>
        <line num="33" count="1" type="stmt"/>
        <line num="34" count="1" type="stmt"/>
        <line num="41" count="1" type="stmt"/>
        <line num="42" count="1" type="stmt"/>
        <line num="43" count="1" type="stmt"/>
        <line num="50" count="1" type="stmt"/>
        <line num="51" count="1" type="stmt"/>
        <line num="52" count="1" type="stmt"/>
        <line num="59" count="1" type="stmt"/>
        <line num="60" count="1" type="stmt"/>
        <line num="61" count="1" type="stmt"/>
        <line num="68" count="1" type="stmt"/>
        <line num="69" count="1" type="stmt"/>
        <line num="72" count="1" type="stmt"/>
        <line num="79" count="1" type="stmt"/>
        <line num="80" count="1" type="stmt"/>
        <line num="81" count="1" type="stmt"/>
        <line num="86" count="8" type="stmt"/>
        <line num="89" count="1" type="stmt"/>
      </file>
    </package>
  </project>
</coverage>
