{"C:\\Users\\Masbrou\\Documents\\DicodingBackENd\\Expert2023\\jest-start\\src\\01_detect_triangle\\detectTriangle.js": {"path":"C:\\Users\\Masbrou\\Documents\\DicodingBackENd\\Expert2023\\jest-start\\src\\01_detect_triangle\\detectTriangle.js","statementMap":{"0":{"start":{"line":1,"column":23},"end":{"line":11,"column":1}},"1":{"start":{"line":2,"column":1},"end":{"line":4,"column":2}},"2":{"start":{"line":3,"column":2},"end":{"line":3,"column":29}},"3":{"start":{"line":6,"column":1},"end":{"line":8,"column":2}},"4":{"start":{"line":7,"column":2},"end":{"line":7,"column":29}},"5":{"start":{"line":10,"column":1},"end":{"line":10,"column":28}},"6":{"start":{"line":13,"column":0},"end":{"line":13,"column":31}}},"fnMap":{"0":{"name":"(anonymous_0)","decl":{"start":{"line":1,"column":23},"end":{"line":1,"column":24}},"loc":{"start":{"line":1,"column":48},"end":{"line":11,"column":1}},"line":1}},"branchMap":{"0":{"loc":{"start":{"line":2,"column":1},"end":{"line":4,"column":2}},"type":"if","locations":[{"start":{"line":2,"column":1},"end":{"line":4,"column":2}},{"start":{},"end":{}}],"line":2},"1":{"loc":{"start":{"line":2,"column":4},"end":{"line":2,"column":38}},"type":"binary-expr","locations":[{"start":{"line":2,"column":4},"end":{"line":2,"column":19}},{"start":{"line":2,"column":23},"end":{"line":2,"column":38}}],"line":2},"2":{"loc":{"start":{"line":6,"column":1},"end":{"line":8,"column":2}},"type":"if","locations":[{"start":{"line":6,"column":1},"end":{"line":8,"column":2}},{"start":{},"end":{}}],"line":6},"3":{"loc":{"start":{"line":6,"column":4},"end":{"line":6,"column":57}},"type":"binary-expr","locations":[{"start":{"line":6,"column":4},"end":{"line":6,"column":19}},{"start":{"line":6,"column":23},"end":{"line":6,"column":38}},{"start":{"line":6,"column":42},"end":{"line":6,"column":57}}],"line":6}},"s":{"0":1,"1":9,"2":3,"3":6,"4":3,"5":3,"6":1},"f":{"0":9},"b":{"0":[3,6],"1":[9,4],"2":[3,3],"3":[6,5,4]},"_coverageSchema":"1a1c01bbd47fc00a2c39e90264f33305004495a9","hash":"4ec65dce0fa9d76e27b5d6b8ebe85909f79ef950"}
,"C:\\Users\\Masbrou\\Documents\\DicodingBackENd\\Expert2023\\jest-start\\src\\02_math_basic\\MathBasic.js": {"path":"C:\\Users\\Masbrou\\Documents\\DicodingBackENd\\Expert2023\\jest-start\\src\\02_math_basic\\MathBasic.js","statementMap":{"0":{"start":{"line":1,"column":18},"end":{"line":30,"column":1}},"1":{"start":{"line":3,"column":2},"end":{"line":5,"column":3}},"2":{"start":{"line":4,"column":3},"end":{"line":4,"column":57}},"3":{"start":{"line":7,"column":17},"end":{"line":7,"column":21}},"4":{"start":{"line":9,"column":2},"end":{"line":11,"column":3}},"5":{"start":{"line":10,"column":3},"end":{"line":10,"column":60}},"6":{"start":{"line":12,"column":2},"end":{"line":12,"column":13}},"7":{"start":{"line":15,"column":17},"end":{"line":15,"column":41}},"8":{"start":{"line":16,"column":2},"end":{"line":16,"column":14}},"9":{"start":{"line":19,"column":17},"end":{"line":19,"column":41}},"10":{"start":{"line":20,"column":2},"end":{"line":20,"column":14}},"11":{"start":{"line":23,"column":17},"end":{"line":23,"column":41}},"12":{"start":{"line":24,"column":2},"end":{"line":24,"column":14}},"13":{"start":{"line":27,"column":17},"end":{"line":27,"column":41}},"14":{"start":{"line":28,"column":2},"end":{"line":28,"column":14}},"15":{"start":{"line":32,"column":0},"end":{"line":32,"column":26}}},"fnMap":{"0":{"name":"(anonymous_0)","decl":{"start":{"line":2,"column":1},"end":{"line":2,"column":2}},"loc":{"start":{"line":2,"column":21},"end":{"line":13,"column":2}},"line":2},"1":{"name":"(anonymous_1)","decl":{"start":{"line":14,"column":1},"end":{"line":14,"column":2}},"loc":{"start":{"line":14,"column":14},"end":{"line":17,"column":2}},"line":14},"2":{"name":"(anonymous_2)","decl":{"start":{"line":18,"column":1},"end":{"line":18,"column":2}},"loc":{"start":{"line":18,"column":19},"end":{"line":21,"column":2}},"line":18},"3":{"name":"(anonymous_3)","decl":{"start":{"line":22,"column":1},"end":{"line":22,"column":2}},"loc":{"start":{"line":22,"column":19},"end":{"line":25,"column":2}},"line":22},"4":{"name":"(anonymous_4)","decl":{"start":{"line":26,"column":1},"end":{"line":26,"column":2}},"loc":{"start":{"line":26,"column":17},"end":{"line":29,"column":2}},"line":26}},"branchMap":{"0":{"loc":{"start":{"line":3,"column":2},"end":{"line":5,"column":3}},"type":"if","locations":[{"start":{"line":3,"column":2},"end":{"line":5,"column":3}},{"start":{},"end":{}}],"line":3},"1":{"loc":{"start":{"line":9,"column":2},"end":{"line":11,"column":3}},"type":"if","locations":[{"start":{"line":9,"column":2},"end":{"line":11,"column":3}},{"start":{},"end":{}}],"line":9},"2":{"loc":{"start":{"line":9,"column":6},"end":{"line":9,"column":52}},"type":"binary-expr","locations":[{"start":{"line":9,"column":6},"end":{"line":9,"column":27}},{"start":{"line":9,"column":31},"end":{"line":9,"column":52}}],"line":9}},"s":{"0":1,"1":37,"2":13,"3":24,"4":24,"5":12,"6":12,"7":10,"8":3,"9":9,"10":3,"11":9,"12":3,"13":9,"14":3,"15":1},"f":{"0":37,"1":10,"2":9,"3":9,"4":9},"b":{"0":[13,24],"1":[12,12],"2":[24,12]},"_coverageSchema":"1a1c01bbd47fc00a2c39e90264f33305004495a9","hash":"926a906ba336209393b3d03f3fde730d6dd49963"}
,"C:\\Users\\Masbrou\\Documents\\DicodingBackENd\\Expert2023\\jest-start\\src\\03_integration_test\\Rocket.js": {"path":"C:\\Users\\Masbrou\\Documents\\DicodingBackENd\\Expert2023\\jest-start\\src\\03_integration_test\\Rocket.js","statementMap":{"0":{"start":{"line":3,"column":2},"end":{"line":3,"column":18}},"1":{"start":{"line":4,"column":2},"end":{"line":4,"column":32}},"2":{"start":{"line":8,"column":0},"end":{"line":8,"column":23}}},"fnMap":{"0":{"name":"(anonymous_0)","decl":{"start":{"line":2,"column":1},"end":{"line":2,"column":2}},"loc":{"start":{"line":2,"column":19},"end":{"line":5,"column":2}},"line":2}},"branchMap":{},"s":{"0":4,"1":4,"2":1},"f":{"0":4},"b":{},"_coverageSchema":"1a1c01bbd47fc00a2c39e90264f33305004495a9","hash":"f05c2b7e9d48fa397c3ca708d9a754ff8edba251"}
,"C:\\Users\\Masbrou\\Documents\\DicodingBackENd\\Expert2023\\jest-start\\src\\03_integration_test\\RocketLauncher.js": {"path":"C:\\Users\\Masbrou\\Documents\\DicodingBackENd\\Expert2023\\jest-start\\src\\03_integration_test\\RocketLauncher.js","statementMap":{"0":{"start":{"line":3,"column":2},"end":{"line":3,"column":24}},"1":{"start":{"line":7,"column":2},"end":{"line":9,"column":4}},"2":{"start":{"line":8,"column":3},"end":{"line":8,"column":33}},"3":{"start":{"line":11,"column":2},"end":{"line":11,"column":19}},"4":{"start":{"line":15,"column":17},"end":{"line":15,"column":37}},"5":{"start":{"line":16,"column":2},"end":{"line":16,"column":32}},"6":{"start":{"line":20,"column":0},"end":{"line":20,"column":31}}},"fnMap":{"0":{"name":"(anonymous_0)","decl":{"start":{"line":2,"column":1},"end":{"line":2,"column":2}},"loc":{"start":{"line":2,"column":27},"end":{"line":4,"column":2}},"line":2},"1":{"name":"(anonymous_1)","decl":{"start":{"line":6,"column":1},"end":{"line":6,"column":2}},"loc":{"start":{"line":6,"column":20},"end":{"line":12,"column":2}},"line":6},"2":{"name":"(anonymous_2)","decl":{"start":{"line":7,"column":23},"end":{"line":7,"column":24}},"loc":{"start":{"line":7,"column":35},"end":{"line":9,"column":3}},"line":7},"3":{"name":"(anonymous_3)","decl":{"start":{"line":14,"column":1},"end":{"line":14,"column":2}},"loc":{"start":{"line":14,"column":23},"end":{"line":17,"column":2}},"line":14}},"branchMap":{"0":{"loc":{"start":{"line":2,"column":13},"end":{"line":2,"column":25}},"type":"default-arg","locations":[{"start":{"line":2,"column":23},"end":{"line":2,"column":25}}],"line":2}},"s":{"0":2,"1":1,"2":2,"3":1,"4":1,"5":1,"6":1},"f":{"0":2,"1":1,"2":2,"3":1},"b":{"0":[0]},"_coverageSchema":"1a1c01bbd47fc00a2c39e90264f33305004495a9","hash":"3e0a3f80aa8c21f06868df1002a4681bfcf01e47"}
,"C:\\Users\\Masbrou\\Documents\\DicodingBackENd\\Expert2023\\jest-start\\src\\04_test_double\\Rocket.js": {"path":"C:\\Users\\Masbrou\\Documents\\DicodingBackENd\\Expert2023\\jest-start\\src\\04_test_double\\Rocket.js","statementMap":{"0":{"start":{"line":3,"column":2},"end":{"line":3,"column":18}},"1":{"start":{"line":4,"column":2},"end":{"line":4,"column":32}},"2":{"start":{"line":8,"column":0},"end":{"line":8,"column":23}}},"fnMap":{"0":{"name":"(anonymous_0)","decl":{"start":{"line":2,"column":1},"end":{"line":2,"column":2}},"loc":{"start":{"line":2,"column":19},"end":{"line":5,"column":2}},"line":2}},"branchMap":{},"s":{"0":8,"1":8,"2":1},"f":{"0":8},"b":{},"_coverageSchema":"1a1c01bbd47fc00a2c39e90264f33305004495a9","hash":"853d914c26506256a6a28db034c41c87f789a7ac"}
,"C:\\Users\\Masbrou\\Documents\\DicodingBackENd\\Expert2023\\jest-start\\src\\04_test_double\\RocketLauncher.js": {"path":"C:\\Users\\Masbrou\\Documents\\DicodingBackENd\\Expert2023\\jest-start\\src\\04_test_double\\RocketLauncher.js","statementMap":{"0":{"start":{"line":3,"column":2},"end":{"line":3,"column":28}},"1":{"start":{"line":4,"column":2},"end":{"line":4,"column":24}},"2":{"start":{"line":8,"column":2},"end":{"line":10,"column":4}},"3":{"start":{"line":9,"column":3},"end":{"line":9,"column":33}},"4":{"start":{"line":12,"column":2},"end":{"line":12,"column":19}},"5":{"start":{"line":16,"column":17},"end":{"line":16,"column":37}},"6":{"start":{"line":17,"column":2},"end":{"line":17,"column":32}},"7":{"start":{"line":21,"column":26},"end":{"line":21,"column":27}},"8":{"start":{"line":23,"column":2},"end":{"line":29,"column":3}},"9":{"start":{"line":24,"column":3},"end":{"line":28,"column":4}},"10":{"start":{"line":25,"column":4},"end":{"line":25,"column":39}},"11":{"start":{"line":27,"column":4},"end":{"line":27,"column":23}},"12":{"start":{"line":31,"column":2},"end":{"line":33,"column":3}},"13":{"start":{"line":32,"column":3},"end":{"line":32,"column":32}},"14":{"start":{"line":35,"column":2},"end":{"line":35,"column":90}},"15":{"start":{"line":39,"column":0},"end":{"line":39,"column":31}}},"fnMap":{"0":{"name":"(anonymous_0)","decl":{"start":{"line":2,"column":1},"end":{"line":2,"column":2}},"loc":{"start":{"line":2,"column":38},"end":{"line":5,"column":2}},"line":2},"1":{"name":"(anonymous_1)","decl":{"start":{"line":7,"column":1},"end":{"line":7,"column":2}},"loc":{"start":{"line":7,"column":20},"end":{"line":13,"column":2}},"line":7},"2":{"name":"(anonymous_2)","decl":{"start":{"line":8,"column":23},"end":{"line":8,"column":24}},"loc":{"start":{"line":8,"column":35},"end":{"line":10,"column":3}},"line":8},"3":{"name":"(anonymous_3)","decl":{"start":{"line":15,"column":1},"end":{"line":15,"column":2}},"loc":{"start":{"line":15,"column":23},"end":{"line":18,"column":2}},"line":15},"4":{"name":"(anonymous_4)","decl":{"start":{"line":20,"column":1},"end":{"line":20,"column":2}},"loc":{"start":{"line":20,"column":26},"end":{"line":36,"column":2}},"line":20}},"branchMap":{"0":{"loc":{"start":{"line":2,"column":24},"end":{"line":2,"column":36}},"type":"default-arg","locations":[{"start":{"line":2,"column":34},"end":{"line":2,"column":36}}],"line":2},"1":{"loc":{"start":{"line":31,"column":2},"end":{"line":33,"column":3}},"type":"if","locations":[{"start":{"line":31,"column":2},"end":{"line":33,"column":3}},{"start":{},"end":{}}],"line":31}},"s":{"0":5,"1":5,"2":1,"3":2,"4":1,"5":1,"6":1,"7":3,"8":3,"9":5,"10":5,"11":2,"12":3,"13":1,"14":2,"15":1},"f":{"0":5,"1":1,"2":2,"3":1,"4":3},"b":{"0":[0],"1":[1,2]},"_coverageSchema":"1a1c01bbd47fc00a2c39e90264f33305004495a9","hash":"7c742abac5b88d0388c9cc907213df3b7f016082"}
,"C:\\Users\\Masbrou\\Documents\\DicodingBackENd\\Expert2023\\jest-start\\src\\04_test_double\\RocketRepairKit.js": {"path":"C:\\Users\\Masbrou\\Documents\\DicodingBackENd\\Expert2023\\jest-start\\src\\04_test_double\\RocketRepairKit.js","statementMap":{"0":{"start":{"line":7,"column":2},"end":{"line":7,"column":18}},"1":{"start":{"line":8,"column":2},"end":{"line":8,"column":18}},"2":{"start":{"line":9,"column":2},"end":{"line":9,"column":18}},"3":{"start":{"line":17,"column":2},"end":{"line":21,"column":4}},"4":{"start":{"line":18,"column":3},"end":{"line":20,"column":10}},"5":{"start":{"line":19,"column":4},"end":{"line":19,"column":46}},"6":{"start":{"line":25,"column":0},"end":{"line":25,"column":32}}},"fnMap":{"0":{"name":"(anonymous_0)","decl":{"start":{"line":6,"column":1},"end":{"line":6,"column":2}},"loc":{"start":{"line":6,"column":31},"end":{"line":10,"column":2}},"line":6},"1":{"name":"(anonymous_1)","decl":{"start":{"line":12,"column":1},"end":{"line":12,"column":2}},"loc":{"start":{"line":12,"column":16},"end":{"line":22,"column":2}},"line":12},"2":{"name":"(anonymous_2)","decl":{"start":{"line":17,"column":21},"end":{"line":17,"column":22}},"loc":{"start":{"line":17,"column":34},"end":{"line":21,"column":3}},"line":17},"3":{"name":"(anonymous_3)","decl":{"start":{"line":18,"column":14},"end":{"line":18,"column":15}},"loc":{"start":{"line":18,"column":20},"end":{"line":20,"column":4}},"line":18}},"branchMap":{},"s":{"0":1,"1":1,"2":1,"3":2,"4":2,"5":2,"6":1},"f":{"0":1,"1":2,"2":2,"3":2},"b":{},"_coverageSchema":"1a1c01bbd47fc00a2c39e90264f33305004495a9","hash":"881c964e3777563480f3ee3c6760a908016f91ee"}
,"C:\\Users\\Masbrou\\Documents\\DicodingBackENd\\Expert2023\\jest-start\\src\\05_automation_test\\FigureCalculator.js": {"path":"C:\\Users\\Masbrou\\Documents\\DicodingBackENd\\Expert2023\\jest-start\\src\\05_automation_test\\FigureCalculator.js","statementMap":{"0":{"start":{"line":3,"column":2},"end":{"line":3,"column":29}},"1":{"start":{"line":7,"column":2},"end":{"line":9,"column":3}},"2":{"start":{"line":8,"column":3},"end":{"line":8,"column":74}},"3":{"start":{"line":11,"column":2},"end":{"line":15,"column":4}},"4":{"start":{"line":12,"column":3},"end":{"line":14,"column":4}},"5":{"start":{"line":13,"column":4},"end":{"line":13,"column":61}},"6":{"start":{"line":17,"column":2},"end":{"line":17,"column":13}},"7":{"start":{"line":21,"column":26},"end":{"line":21,"column":51}},"8":{"start":{"line":24,"column":2},"end":{"line":24,"column":72}},"9":{"start":{"line":28,"column":26},"end":{"line":28,"column":51}},"10":{"start":{"line":31,"column":2},"end":{"line":31,"column":48}},"11":{"start":{"line":35,"column":31},"end":{"line":35,"column":56}},"12":{"start":{"line":38,"column":2},"end":{"line":38,"column":69}},"13":{"start":{"line":42,"column":25},"end":{"line":42,"column":50}},"14":{"start":{"line":45,"column":2},"end":{"line":45,"column":74}},"15":{"start":{"line":49,"column":0},"end":{"line":49,"column":33}}},"fnMap":{"0":{"name":"(anonymous_0)","decl":{"start":{"line":2,"column":1},"end":{"line":2,"column":2}},"loc":{"start":{"line":2,"column":24},"end":{"line":4,"column":2}},"line":2},"1":{"name":"(anonymous_1)","decl":{"start":{"line":6,"column":1},"end":{"line":6,"column":2}},"loc":{"start":{"line":6,"column":38},"end":{"line":18,"column":2}},"line":6},"2":{"name":"(anonymous_2)","decl":{"start":{"line":11,"column":15},"end":{"line":11,"column":16}},"loc":{"start":{"line":11,"column":24},"end":{"line":15,"column":3}},"line":11},"3":{"name":"(anonymous_3)","decl":{"start":{"line":20,"column":1},"end":{"line":20,"column":2}},"loc":{"start":{"line":20,"column":38},"end":{"line":25,"column":2}},"line":20},"4":{"name":"(anonymous_4)","decl":{"start":{"line":27,"column":1},"end":{"line":27,"column":2}},"loc":{"start":{"line":27,"column":33},"end":{"line":32,"column":2}},"line":27},"5":{"name":"(anonymous_5)","decl":{"start":{"line":34,"column":1},"end":{"line":34,"column":2}},"loc":{"start":{"line":34,"column":37},"end":{"line":39,"column":2}},"line":34},"6":{"name":"(anonymous_6)","decl":{"start":{"line":41,"column":1},"end":{"line":41,"column":2}},"loc":{"start":{"line":41,"column":32},"end":{"line":46,"column":2}},"line":41}},"branchMap":{"0":{"loc":{"start":{"line":7,"column":2},"end":{"line":9,"column":3}},"type":"if","locations":[{"start":{"line":7,"column":2},"end":{"line":9,"column":3}},{"start":{},"end":{}}],"line":7},"1":{"loc":{"start":{"line":12,"column":3},"end":{"line":14,"column":4}},"type":"if","locations":[{"start":{"line":12,"column":3},"end":{"line":14,"column":4}},{"start":{},"end":{}}],"line":12}},"s":{"0":13,"1":29,"2":13,"3":16,"4":22,"5":12,"6":4,"7":7,"8":1,"9":7,"10":1,"11":8,"12":1,"13":7,"14":1,"15":1},"f":{"0":13,"1":29,"2":22,"3":7,"4":7,"5":8,"6":7},"b":{"0":[13,16],"1":[12,10]},"_coverageSchema":"1a1c01bbd47fc00a2c39e90264f33305004495a9","hash":"c35723f884ee79d425fffec3a37561968b11ce3f"}
,"C:\\Users\\Masbrou\\Documents\\DicodingBackENd\\Expert2023\\jest-start\\src\\05_automation_test\\MathBasic.js": {"path":"C:\\Users\\Masbrou\\Documents\\DicodingBackENd\\Expert2023\\jest-start\\src\\05_automation_test\\MathBasic.js","statementMap":{"0":{"start":{"line":1,"column":18},"end":{"line":30,"column":1}},"1":{"start":{"line":3,"column":2},"end":{"line":5,"column":3}},"2":{"start":{"line":4,"column":3},"end":{"line":4,"column":57}},"3":{"start":{"line":7,"column":17},"end":{"line":7,"column":21}},"4":{"start":{"line":9,"column":2},"end":{"line":11,"column":3}},"5":{"start":{"line":10,"column":3},"end":{"line":10,"column":60}},"6":{"start":{"line":12,"column":2},"end":{"line":12,"column":13}},"7":{"start":{"line":15,"column":17},"end":{"line":15,"column":41}},"8":{"start":{"line":16,"column":2},"end":{"line":16,"column":14}},"9":{"start":{"line":19,"column":17},"end":{"line":19,"column":41}},"10":{"start":{"line":20,"column":2},"end":{"line":20,"column":14}},"11":{"start":{"line":23,"column":17},"end":{"line":23,"column":41}},"12":{"start":{"line":24,"column":2},"end":{"line":24,"column":14}},"13":{"start":{"line":27,"column":17},"end":{"line":27,"column":41}},"14":{"start":{"line":28,"column":2},"end":{"line":28,"column":14}},"15":{"start":{"line":32,"column":0},"end":{"line":32,"column":26}}},"fnMap":{"0":{"name":"(anonymous_0)","decl":{"start":{"line":2,"column":16},"end":{"line":2,"column":17}},"loc":{"start":{"line":2,"column":26},"end":{"line":13,"column":2}},"line":2},"1":{"name":"(anonymous_1)","decl":{"start":{"line":14,"column":1},"end":{"line":14,"column":2}},"loc":{"start":{"line":14,"column":14},"end":{"line":17,"column":2}},"line":14},"2":{"name":"(anonymous_2)","decl":{"start":{"line":18,"column":1},"end":{"line":18,"column":2}},"loc":{"start":{"line":18,"column":19},"end":{"line":21,"column":2}},"line":18},"3":{"name":"(anonymous_3)","decl":{"start":{"line":22,"column":1},"end":{"line":22,"column":2}},"loc":{"start":{"line":22,"column":19},"end":{"line":25,"column":2}},"line":22},"4":{"name":"(anonymous_4)","decl":{"start":{"line":26,"column":1},"end":{"line":26,"column":2}},"loc":{"start":{"line":26,"column":17},"end":{"line":29,"column":2}},"line":26}},"branchMap":{"0":{"loc":{"start":{"line":3,"column":2},"end":{"line":5,"column":3}},"type":"if","locations":[{"start":{"line":3,"column":2},"end":{"line":5,"column":3}},{"start":{},"end":{}}],"line":3},"1":{"loc":{"start":{"line":9,"column":2},"end":{"line":11,"column":3}},"type":"if","locations":[{"start":{"line":9,"column":2},"end":{"line":11,"column":3}},{"start":{},"end":{}}],"line":9},"2":{"loc":{"start":{"line":9,"column":6},"end":{"line":9,"column":52}},"type":"binary-expr","locations":[{"start":{"line":9,"column":6},"end":{"line":9,"column":27}},{"start":{"line":9,"column":31},"end":{"line":9,"column":52}}],"line":9}},"s":{"0":2,"1":44,"2":13,"3":31,"4":31,"5":12,"6":19,"7":13,"8":6,"9":9,"10":3,"11":12,"12":6,"13":10,"14":4,"15":2},"f":{"0":44,"1":13,"2":9,"3":12,"4":10},"b":{"0":[13,31],"1":[12,19],"2":[31,19]},"_coverageSchema":"1a1c01bbd47fc00a2c39e90264f33305004495a9","hash":"a84e2c2cfaab11e8969023fecf4ce81fb978a893"}
,"C:\\Users\\Masbrou\\Documents\\DicodingBackENd\\Expert2023\\jest-start\\src\\06_end2end_hapi\\createServer.js": {"path":"C:\\Users\\Masbrou\\Documents\\DicodingBackENd\\Expert2023\\jest-start\\src\\06_end2end_hapi\\createServer.js","statementMap":{"0":{"start":{"line":1,"column":13},"end":{"line":1,"column":34}},"1":{"start":{"line":3,"column":21},"end":{"line":28,"column":1}},"2":{"start":{"line":4,"column":16},"end":{"line":7,"column":3}},"3":{"start":{"line":9,"column":1},"end":{"line":25,"column":3}},"4":{"start":{"line":14,"column":4},"end":{"line":14,"column":35}},"5":{"start":{"line":21,"column":21},"end":{"line":21,"column":35}},"6":{"start":{"line":22,"column":4},"end":{"line":22,"column":36}},"7":{"start":{"line":27,"column":1},"end":{"line":27,"column":14}},"8":{"start":{"line":30,"column":0},"end":{"line":30,"column":29}}},"fnMap":{"0":{"name":"(anonymous_0)","decl":{"start":{"line":3,"column":21},"end":{"line":3,"column":22}},"loc":{"start":{"line":3,"column":27},"end":{"line":28,"column":1}},"line":3},"1":{"name":"(anonymous_1)","decl":{"start":{"line":13,"column":12},"end":{"line":13,"column":13}},"loc":{"start":{"line":13,"column":18},"end":{"line":15,"column":4}},"line":13},"2":{"name":"(anonymous_2)","decl":{"start":{"line":20,"column":12},"end":{"line":20,"column":13}},"loc":{"start":{"line":20,"column":25},"end":{"line":23,"column":4}},"line":20}},"branchMap":{},"s":{"0":1,"1":1,"2":2,"3":2,"4":1,"5":1,"6":1,"7":2,"8":1},"f":{"0":2,"1":1,"2":1},"b":{},"_coverageSchema":"1a1c01bbd47fc00a2c39e90264f33305004495a9","hash":"e030413c939a33f243727408220e92b8bc20f16f"}
,"C:\\Users\\Masbrou\\Documents\\DicodingBackENd\\Expert2023\\jest-start\\src\\07_automation_hapi\\FigureCalculator.js": {"path":"C:\\Users\\Masbrou\\Documents\\DicodingBackENd\\Expert2023\\jest-start\\src\\07_automation_hapi\\FigureCalculator.js","statementMap":{"0":{"start":{"line":3,"column":2},"end":{"line":3,"column":29}},"1":{"start":{"line":7,"column":2},"end":{"line":9,"column":3}},"2":{"start":{"line":8,"column":3},"end":{"line":8,"column":74}},"3":{"start":{"line":11,"column":2},"end":{"line":15,"column":4}},"4":{"start":{"line":12,"column":3},"end":{"line":14,"column":4}},"5":{"start":{"line":13,"column":4},"end":{"line":13,"column":61}},"6":{"start":{"line":17,"column":2},"end":{"line":17,"column":13}},"7":{"start":{"line":21,"column":26},"end":{"line":21,"column":51}},"8":{"start":{"line":24,"column":2},"end":{"line":24,"column":72}},"9":{"start":{"line":28,"column":26},"end":{"line":28,"column":51}},"10":{"start":{"line":31,"column":2},"end":{"line":31,"column":48}},"11":{"start":{"line":35,"column":31},"end":{"line":35,"column":56}},"12":{"start":{"line":38,"column":2},"end":{"line":38,"column":69}},"13":{"start":{"line":42,"column":25},"end":{"line":42,"column":50}},"14":{"start":{"line":45,"column":2},"end":{"line":45,"column":74}},"15":{"start":{"line":49,"column":0},"end":{"line":49,"column":33}}},"fnMap":{"0":{"name":"(anonymous_0)","decl":{"start":{"line":2,"column":1},"end":{"line":2,"column":2}},"loc":{"start":{"line":2,"column":24},"end":{"line":4,"column":2}},"line":2},"1":{"name":"(anonymous_1)","decl":{"start":{"line":6,"column":1},"end":{"line":6,"column":2}},"loc":{"start":{"line":6,"column":38},"end":{"line":18,"column":2}},"line":6},"2":{"name":"(anonymous_2)","decl":{"start":{"line":11,"column":15},"end":{"line":11,"column":16}},"loc":{"start":{"line":11,"column":24},"end":{"line":15,"column":3}},"line":11},"3":{"name":"(anonymous_3)","decl":{"start":{"line":20,"column":1},"end":{"line":20,"column":2}},"loc":{"start":{"line":20,"column":38},"end":{"line":25,"column":2}},"line":20},"4":{"name":"(anonymous_4)","decl":{"start":{"line":27,"column":1},"end":{"line":27,"column":2}},"loc":{"start":{"line":27,"column":33},"end":{"line":32,"column":2}},"line":27},"5":{"name":"(anonymous_5)","decl":{"start":{"line":34,"column":1},"end":{"line":34,"column":2}},"loc":{"start":{"line":34,"column":37},"end":{"line":39,"column":2}},"line":34},"6":{"name":"(anonymous_6)","decl":{"start":{"line":41,"column":1},"end":{"line":41,"column":2}},"loc":{"start":{"line":41,"column":32},"end":{"line":46,"column":2}},"line":41}},"branchMap":{"0":{"loc":{"start":{"line":7,"column":2},"end":{"line":9,"column":3}},"type":"if","locations":[{"start":{"line":7,"column":2},"end":{"line":9,"column":3}},{"start":{},"end":{}}],"line":7},"1":{"loc":{"start":{"line":12,"column":3},"end":{"line":14,"column":4}},"type":"if","locations":[{"start":{"line":12,"column":3},"end":{"line":14,"column":4}},{"start":{},"end":{}}],"line":12}},"s":{"0":17,"1":33,"2":13,"3":20,"4":31,"5":12,"6":8,"7":8,"8":2,"9":8,"10":2,"11":9,"12":2,"13":8,"14":2,"15":2},"f":{"0":17,"1":33,"2":31,"3":8,"4":8,"5":9,"6":8},"b":{"0":[13,20],"1":[12,19]},"_coverageSchema":"1a1c01bbd47fc00a2c39e90264f33305004495a9","hash":"30596d3ac98bee1aeb2a9f1bc92409784c518af7"}
,"C:\\Users\\Masbrou\\Documents\\DicodingBackENd\\Expert2023\\jest-start\\src\\07_automation_hapi\\MathBasic.js": {"path":"C:\\Users\\Masbrou\\Documents\\DicodingBackENd\\Expert2023\\jest-start\\src\\07_automation_hapi\\MathBasic.js","statementMap":{"0":{"start":{"line":1,"column":18},"end":{"line":30,"column":1}},"1":{"start":{"line":3,"column":2},"end":{"line":5,"column":3}},"2":{"start":{"line":4,"column":3},"end":{"line":4,"column":57}},"3":{"start":{"line":7,"column":17},"end":{"line":7,"column":21}},"4":{"start":{"line":9,"column":2},"end":{"line":11,"column":3}},"5":{"start":{"line":10,"column":3},"end":{"line":10,"column":60}},"6":{"start":{"line":12,"column":2},"end":{"line":12,"column":13}},"7":{"start":{"line":15,"column":17},"end":{"line":15,"column":41}},"8":{"start":{"line":16,"column":2},"end":{"line":16,"column":14}},"9":{"start":{"line":19,"column":17},"end":{"line":19,"column":41}},"10":{"start":{"line":20,"column":2},"end":{"line":20,"column":14}},"11":{"start":{"line":23,"column":17},"end":{"line":23,"column":41}},"12":{"start":{"line":24,"column":2},"end":{"line":24,"column":14}},"13":{"start":{"line":27,"column":17},"end":{"line":27,"column":41}},"14":{"start":{"line":28,"column":2},"end":{"line":28,"column":14}},"15":{"start":{"line":32,"column":0},"end":{"line":32,"column":26}}},"fnMap":{"0":{"name":"(anonymous_0)","decl":{"start":{"line":2,"column":16},"end":{"line":2,"column":17}},"loc":{"start":{"line":2,"column":26},"end":{"line":13,"column":2}},"line":2},"1":{"name":"(anonymous_1)","decl":{"start":{"line":14,"column":1},"end":{"line":14,"column":2}},"loc":{"start":{"line":14,"column":14},"end":{"line":17,"column":2}},"line":14},"2":{"name":"(anonymous_2)","decl":{"start":{"line":18,"column":1},"end":{"line":18,"column":2}},"loc":{"start":{"line":18,"column":19},"end":{"line":21,"column":2}},"line":18},"3":{"name":"(anonymous_3)","decl":{"start":{"line":22,"column":1},"end":{"line":22,"column":2}},"loc":{"start":{"line":22,"column":19},"end":{"line":25,"column":2}},"line":22},"4":{"name":"(anonymous_4)","decl":{"start":{"line":26,"column":1},"end":{"line":26,"column":2}},"loc":{"start":{"line":26,"column":17},"end":{"line":29,"column":2}},"line":26}},"branchMap":{"0":{"loc":{"start":{"line":3,"column":2},"end":{"line":5,"column":3}},"type":"if","locations":[{"start":{"line":3,"column":2},"end":{"line":5,"column":3}},{"start":{},"end":{}}],"line":3},"1":{"loc":{"start":{"line":9,"column":2},"end":{"line":11,"column":3}},"type":"if","locations":[{"start":{"line":9,"column":2},"end":{"line":11,"column":3}},{"start":{},"end":{}}],"line":9},"2":{"loc":{"start":{"line":9,"column":6},"end":{"line":9,"column":52}},"type":"binary-expr","locations":[{"start":{"line":9,"column":6},"end":{"line":9,"column":27}},{"start":{"line":9,"column":31},"end":{"line":9,"column":52}}],"line":9}},"s":{"0":3,"1":55,"2":13,"3":42,"4":42,"5":12,"6":30,"7":17,"8":10,"9":10,"10":4,"11":16,"12":10,"13":12,"14":6,"15":3},"f":{"0":55,"1":17,"2":10,"3":16,"4":12},"b":{"0":[13,42],"1":[12,30],"2":[42,30]},"_coverageSchema":"1a1c01bbd47fc00a2c39e90264f33305004495a9","hash":"7c5a747bef20ac46611ac091db3929405ae6c76c"}
,"C:\\Users\\Masbrou\\Documents\\DicodingBackENd\\Expert2023\\jest-start\\src\\07_automation_hapi\\createServer.js": {"path":"C:\\Users\\Masbrou\\Documents\\DicodingBackENd\\Expert2023\\jest-start\\src\\07_automation_hapi\\createServer.js","statementMap":{"0":{"start":{"line":1,"column":13},"end":{"line":1,"column":34}},"1":{"start":{"line":3,"column":21},"end":{"line":87,"column":1}},"2":{"start":{"line":4,"column":16},"end":{"line":7,"column":3}},"3":{"start":{"line":9,"column":1},"end":{"line":84,"column":3}},"4":{"start":{"line":14,"column":21},"end":{"line":14,"column":35}},"5":{"start":{"line":15,"column":18},"end":{"line":15,"column":53}},"6":{"start":{"line":16,"column":4},"end":{"line":16,"column":20}},"7":{"start":{"line":23,"column":21},"end":{"line":23,"column":35}},"8":{"start":{"line":24,"column":18},"end":{"line":24,"column":58}},"9":{"start":{"line":25,"column":4},"end":{"line":25,"column":20}},"10":{"start":{"line":32,"column":21},"end":{"line":32,"column":35}},"11":{"start":{"line":33,"column":18},"end":{"line":33,"column":58}},"12":{"start":{"line":34,"column":4},"end":{"line":34,"column":20}},"13":{"start":{"line":41,"column":21},"end":{"line":41,"column":35}},"14":{"start":{"line":42,"column":18},"end":{"line":42,"column":56}},"15":{"start":{"line":43,"column":4},"end":{"line":43,"column":20}},"16":{"start":{"line":50,"column":30},"end":{"line":50,"column":44}},"17":{"start":{"line":51,"column":18},"end":{"line":51,"column":93}},"18":{"start":{"line":52,"column":4},"end":{"line":52,"column":20}},"19":{"start":{"line":59,"column":30},"end":{"line":59,"column":44}},"20":{"start":{"line":60,"column":18},"end":{"line":60,"column":88}},"21":{"start":{"line":61,"column":4},"end":{"line":61,"column":20}},"22":{"start":{"line":68,"column":35},"end":{"line":68,"column":49}},"23":{"start":{"line":69,"column":18},"end":{"line":71,"column":5}},"24":{"start":{"line":72,"column":4},"end":{"line":72,"column":20}},"25":{"start":{"line":79,"column":29},"end":{"line":79,"column":43}},"26":{"start":{"line":80,"column":18},"end":{"line":80,"column":86}},"27":{"start":{"line":81,"column":4},"end":{"line":81,"column":20}},"28":{"start":{"line":86,"column":1},"end":{"line":86,"column":14}},"29":{"start":{"line":89,"column":0},"end":{"line":89,"column":29}}},"fnMap":{"0":{"name":"(anonymous_0)","decl":{"start":{"line":3,"column":21},"end":{"line":3,"column":22}},"loc":{"start":{"line":3,"column":58},"end":{"line":87,"column":1}},"line":3},"1":{"name":"(anonymous_1)","decl":{"start":{"line":13,"column":12},"end":{"line":13,"column":13}},"loc":{"start":{"line":13,"column":25},"end":{"line":17,"column":4}},"line":13},"2":{"name":"(anonymous_2)","decl":{"start":{"line":22,"column":12},"end":{"line":22,"column":13}},"loc":{"start":{"line":22,"column":25},"end":{"line":26,"column":4}},"line":22},"3":{"name":"(anonymous_3)","decl":{"start":{"line":31,"column":12},"end":{"line":31,"column":13}},"loc":{"start":{"line":31,"column":25},"end":{"line":35,"column":4}},"line":31},"4":{"name":"(anonymous_4)","decl":{"start":{"line":40,"column":12},"end":{"line":40,"column":13}},"loc":{"start":{"line":40,"column":25},"end":{"line":44,"column":4}},"line":40},"5":{"name":"(anonymous_5)","decl":{"start":{"line":49,"column":12},"end":{"line":49,"column":13}},"loc":{"start":{"line":49,"column":25},"end":{"line":53,"column":4}},"line":49},"6":{"name":"(anonymous_6)","decl":{"start":{"line":58,"column":12},"end":{"line":58,"column":13}},"loc":{"start":{"line":58,"column":25},"end":{"line":62,"column":4}},"line":58},"7":{"name":"(anonymous_7)","decl":{"start":{"line":67,"column":12},"end":{"line":67,"column":13}},"loc":{"start":{"line":67,"column":25},"end":{"line":73,"column":4}},"line":67},"8":{"name":"(anonymous_8)","decl":{"start":{"line":78,"column":12},"end":{"line":78,"column":13}},"loc":{"start":{"line":78,"column":25},"end":{"line":82,"column":4}},"line":78}},"branchMap":{},"s":{"0":1,"1":1,"2":8,"3":8,"4":1,"5":1,"6":1,"7":1,"8":1,"9":1,"10":1,"11":1,"12":1,"13":1,"14":1,"15":1,"16":1,"17":1,"18":1,"19":1,"20":1,"21":1,"22":1,"23":1,"24":1,"25":1,"26":1,"27":1,"28":8,"29":1},"f":{"0":8,"1":1,"2":1,"3":1,"4":1,"5":1,"6":1,"7":1,"8":1},"b":{},"_coverageSchema":"1a1c01bbd47fc00a2c39e90264f33305004495a9","hash":"f3e9877c54c12b3a2e75952010e6b760f11751dd"}
}
