TN:
SF:src\01_detect_triangle\detectTriangle.js
FN:1,(anonymous_0)
FNF:1
FNH:1
FNDA:9,(anonymous_0)
DA:1,1
DA:2,9
DA:3,3
DA:6,6
DA:7,3
DA:10,3
DA:13,1
LF:7
LH:7
BRDA:2,0,0,3
BRDA:2,0,1,6
BRDA:2,1,0,9
BRDA:2,1,1,4
BRDA:6,2,0,3
BRDA:6,2,1,3
BRDA:6,3,0,6
BRDA:6,3,1,5
BRDA:6,3,2,4
BRF:9
BRH:9
end_of_record
TN:
SF:src\02_math_basic\MathBasic.js
FN:2,(anonymous_0)
FN:14,(anonymous_1)
FN:18,(anonymous_2)
FN:22,(anonymous_3)
FN:26,(anonymous_4)
FNF:5
FNH:5
FNDA:37,(anonymous_0)
FNDA:10,(anonymous_1)
FNDA:9,(anonymous_2)
FNDA:9,(anonymous_3)
FNDA:9,(anonymous_4)
DA:1,1
DA:3,37
DA:4,13
DA:7,24
DA:9,24
DA:10,12
DA:12,12
DA:15,10
DA:16,3
DA:19,9
DA:20,3
DA:23,9
DA:24,3
DA:27,9
DA:28,3
DA:32,1
LF:16
LH:16
BRDA:3,0,0,13
BRDA:3,0,1,24
BRDA:9,1,0,12
BRDA:9,1,1,12
BRDA:9,2,0,24
BRDA:9,2,1,12
BRF:6
BRH:6
end_of_record
TN:
SF:src\03_integration_test\Rocket.js
FN:2,(anonymous_0)
FNF:1
FNH:1
FNDA:4,(anonymous_0)
DA:3,4
DA:4,4
DA:8,1
LF:3
LH:3
BRF:0
BRH:0
end_of_record
TN:
SF:src\03_integration_test\RocketLauncher.js
FN:2,(anonymous_0)
FN:6,(anonymous_1)
FN:7,(anonymous_2)
FN:14,(anonymous_3)
FNF:4
FNH:4
FNDA:2,(anonymous_0)
FNDA:1,(anonymous_1)
FNDA:2,(anonymous_2)
FNDA:1,(anonymous_3)
DA:3,2
DA:7,1
DA:8,2
DA:11,1
DA:15,1
DA:16,1
DA:20,1
LF:7
LH:7
BRDA:2,0,0,0
BRF:1
BRH:0
end_of_record
TN:
SF:src\04_test_double\Rocket.js
FN:2,(anonymous_0)
FNF:1
FNH:1
FNDA:8,(anonymous_0)
DA:3,8
DA:4,8
DA:8,1
LF:3
LH:3
BRF:0
BRH:0
end_of_record
TN:
SF:src\04_test_double\RocketLauncher.js
FN:2,(anonymous_0)
FN:7,(anonymous_1)
FN:8,(anonymous_2)
FN:15,(anonymous_3)
FN:20,(anonymous_4)
FNF:5
FNH:5
FNDA:5,(anonymous_0)
FNDA:1,(anonymous_1)
FNDA:2,(anonymous_2)
FNDA:1,(anonymous_3)
FNDA:3,(anonymous_4)
DA:3,5
DA:4,5
DA:8,1
DA:9,2
DA:12,1
DA:16,1
DA:17,1
DA:21,3
DA:23,3
DA:24,5
DA:25,5
DA:27,2
DA:31,3
DA:32,1
DA:35,2
DA:39,1
LF:16
LH:16
BRDA:2,0,0,0
BRDA:31,1,0,1
BRDA:31,1,1,2
BRF:3
BRH:2
end_of_record
TN:
SF:src\04_test_double\RocketRepairKit.js
FN:6,(anonymous_0)
FN:12,(anonymous_1)
FN:17,(anonymous_2)
FN:18,(anonymous_3)
FNF:4
FNH:4
FNDA:1,(anonymous_0)
FNDA:2,(anonymous_1)
FNDA:2,(anonymous_2)
FNDA:2,(anonymous_3)
DA:7,1
DA:8,1
DA:9,1
DA:17,2
DA:18,2
DA:19,2
DA:25,1
LF:7
LH:7
BRF:0
BRH:0
end_of_record
TN:
SF:src\05_automation_test\FigureCalculator.js
FN:2,(anonymous_0)
FN:6,(anonymous_1)
FN:11,(anonymous_2)
FN:20,(anonymous_3)
FN:27,(anonymous_4)
FN:34,(anonymous_5)
FN:41,(anonymous_6)
FNF:7
FNH:7
FNDA:13,(anonymous_0)
FNDA:29,(anonymous_1)
FNDA:22,(anonymous_2)
FNDA:7,(anonymous_3)
FNDA:7,(anonymous_4)
FNDA:8,(anonymous_5)
FNDA:7,(anonymous_6)
DA:3,13
DA:7,29
DA:8,13
DA:11,16
DA:12,22
DA:13,12
DA:17,4
DA:21,7
DA:24,1
DA:28,7
DA:31,1
DA:35,8
DA:38,1
DA:42,7
DA:45,1
DA:49,1
LF:16
LH:16
BRDA:7,0,0,13
BRDA:7,0,1,16
BRDA:12,1,0,12
BRDA:12,1,1,10
BRF:4
BRH:4
end_of_record
TN:
SF:src\05_automation_test\MathBasic.js
FN:2,(anonymous_0)
FN:14,(anonymous_1)
FN:18,(anonymous_2)
FN:22,(anonymous_3)
FN:26,(anonymous_4)
FNF:5
FNH:5
FNDA:44,(anonymous_0)
FNDA:13,(anonymous_1)
FNDA:9,(anonymous_2)
FNDA:12,(anonymous_3)
FNDA:10,(anonymous_4)
DA:1,2
DA:3,44
DA:4,13
DA:7,31
DA:9,31
DA:10,12
DA:12,19
DA:15,13
DA:16,6
DA:19,9
DA:20,3
DA:23,12
DA:24,6
DA:27,10
DA:28,4
DA:32,2
LF:16
LH:16
BRDA:3,0,0,13
BRDA:3,0,1,31
BRDA:9,1,0,12
BRDA:9,1,1,19
BRDA:9,2,0,31
BRDA:9,2,1,19
BRF:6
BRH:6
end_of_record
TN:
SF:src\06_end2end_hapi\createServer.js
FN:3,(anonymous_0)
FN:13,(anonymous_1)
FN:20,(anonymous_2)
FNF:3
FNH:3
FNDA:2,(anonymous_0)
FNDA:1,(anonymous_1)
FNDA:1,(anonymous_2)
DA:1,1
DA:3,1
DA:4,2
DA:9,2
DA:14,1
DA:21,1
DA:22,1
DA:27,2
DA:30,1
LF:9
LH:9
BRF:0
BRH:0
end_of_record
TN:
SF:src\07_automation_hapi\FigureCalculator.js
FN:2,(anonymous_0)
FN:6,(anonymous_1)
FN:11,(anonymous_2)
FN:20,(anonymous_3)
FN:27,(anonymous_4)
FN:34,(anonymous_5)
FN:41,(anonymous_6)
FNF:7
FNH:7
FNDA:17,(anonymous_0)
FNDA:33,(anonymous_1)
FNDA:31,(anonymous_2)
FNDA:8,(anonymous_3)
FNDA:8,(anonymous_4)
FNDA:9,(anonymous_5)
FNDA:8,(anonymous_6)
DA:3,17
DA:7,33
DA:8,13
DA:11,20
DA:12,31
DA:13,12
DA:17,8
DA:21,8
DA:24,2
DA:28,8
DA:31,2
DA:35,9
DA:38,2
DA:42,8
DA:45,2
DA:49,2
LF:16
LH:16
BRDA:7,0,0,13
BRDA:7,0,1,20
BRDA:12,1,0,12
BRDA:12,1,1,19
BRF:4
BRH:4
end_of_record
TN:
SF:src\07_automation_hapi\MathBasic.js
FN:2,(anonymous_0)
FN:14,(anonymous_1)
FN:18,(anonymous_2)
FN:22,(anonymous_3)
FN:26,(anonymous_4)
FNF:5
FNH:5
FNDA:55,(anonymous_0)
FNDA:17,(anonymous_1)
FNDA:10,(anonymous_2)
FNDA:16,(anonymous_3)
FNDA:12,(anonymous_4)
DA:1,3
DA:3,55
DA:4,13
DA:7,42
DA:9,42
DA:10,12
DA:12,30
DA:15,17
DA:16,10
DA:19,10
DA:20,4
DA:23,16
DA:24,10
DA:27,12
DA:28,6
DA:32,3
LF:16
LH:16
BRDA:3,0,0,13
BRDA:3,0,1,42
BRDA:9,1,0,12
BRDA:9,1,1,30
BRDA:9,2,0,42
BRDA:9,2,1,30
BRF:6
BRH:6
end_of_record
TN:
SF:src\07_automation_hapi\createServer.js
FN:3,(anonymous_0)
FN:13,(anonymous_1)
FN:22,(anonymous_2)
FN:31,(anonymous_3)
FN:40,(anonymous_4)
FN:49,(anonymous_5)
FN:58,(anonymous_6)
FN:67,(anonymous_7)
FN:78,(anonymous_8)
FNF:9
FNH:9
FNDA:8,(anonymous_0)
FNDA:1,(anonymous_1)
FNDA:1,(anonymous_2)
FNDA:1,(anonymous_3)
FNDA:1,(anonymous_4)
FNDA:1,(anonymous_5)
FNDA:1,(anonymous_6)
FNDA:1,(anonymous_7)
FNDA:1,(anonymous_8)
DA:1,1
DA:3,1
DA:4,8
DA:9,8
DA:14,1
DA:15,1
DA:16,1
DA:23,1
DA:24,1
DA:25,1
DA:32,1
DA:33,1
DA:34,1
DA:41,1
DA:42,1
DA:43,1
DA:50,1
DA:51,1
DA:52,1
DA:59,1
DA:60,1
DA:61,1
DA:68,1
DA:69,1
DA:72,1
DA:79,1
DA:80,1
DA:81,1
DA:86,8
DA:89,1
LF:30
LH:30
BRF:0
BRH:0
end_of_record
